can't find file to patch at input line 5
Perhaps you used the wrong -p or --strip option?
The text leading up to this was:
--------------------------
|diff --git Makefile Makefile
|index a1595a8..9fe7584 100644
|--- Makefile
|+++ Makefile
--------------------------
File to patch: 
Skip this patch? [y] 
Skipping patch.
1 out of 1 hunk ignored
checking file Makefile
Hunk #1 FAILED at 26.
1 out of 1 hunk FAILED
can't find file to patch at input line 31
Perhaps you used the wrong -p or --strip option?
The text leading up to this was:
--------------------------
|diff --git librtmp/amf.c librtmp/amf.c
|index 73d1486..9717518 100644
|--- librtmp/amf.c
|+++ librtmp/amf.c
--------------------------
File to patch: 
Skip this patch? [y] 
Skipping patch.
6 out of 6 hunks ignored
can't find file to patch at input line 127
Perhaps you used the wrong -p or --strip option?
The text leading up to this was:
--------------------------
|diff --git librtmp/handshake.h librtmp/handshake.h
|index 0438486..104af28 100644
|--- librtmp/handshake.h
|+++ librtmp/handshake.h
--------------------------
File to patch: 
Skip this patch? [y] 
Skipping patch.
11 out of 11 hunks ignored
can't find file to patch at input line 268
Perhaps you used the wrong -p or --strip option?
The text leading up to this was:
--------------------------
|diff --git librtmp/hashswf.c librtmp/hashswf.c
|index 9f4e2c0..17a8dee 100644
|--- librtmp/hashswf.c
|+++ librtmp/hashswf.c
--------------------------
File to patch: 
Skip this patch? [y] 
Skipping patch.
5 out of 5 hunks ignored
can't find file to patch at input line 321
Perhaps you used the wrong -p or --strip option?
The text leading up to this was:
--------------------------
|diff --git librtmp/log.c librtmp/log.c
|index 0012985..856e3e4 100644
|--- librtmp/log.c
|+++ librtmp/log.c
--------------------------
File to patch: 
Skip this patch? [y] 
Skipping patch.
1 out of 1 hunk ignored
can't find file to patch at input line 336
Perhaps you used the wrong -p or --strip option?
The text leading up to this was:
--------------------------
|diff --git librtmp/parseurl.c librtmp/parseurl.c
|index 646c70c..a0a83e6 100644
|--- librtmp/parseurl.c
|+++ librtmp/parseurl.c
--------------------------
File to patch: 
Skip this patch? [y] 
Skipping patch.
3 out of 3 hunks ignored
can't find file to patch at input line 382
Perhaps you used the wrong -p or --strip option?
The text leading up to this was:
--------------------------
|diff --git librtmp/rtmp.c librtmp/rtmp.c
|index ca7db6a..5b216a1 100644
|--- librtmp/rtmp.c
|+++ librtmp/rtmp.c
--------------------------
File to patch: 
Skip this patch? [y] 
Skipping patch.
55 out of 55 hunks ignored
can't find file to patch at input line 2536
Perhaps you used the wrong -p or --strip option?
The text leading up to this was:
--------------------------
|diff --git librtmp/rtmp.h librtmp/rtmp.h
|index 0248913..3e573da 100644
|--- librtmp/rtmp.h
|+++ librtmp/rtmp.h
--------------------------
File to patch: 
Skip this patch? [y] 
Skipping patch.
5 out of 5 hunks ignored
can't find file to patch at input line 2604
Perhaps you used the wrong -p or --strip option?
The text leading up to this was:
--------------------------
|diff --git librtmp/rtmp_sys.h librtmp/rtmp_sys.h
|index 85d7e53..b2a3438 100644
|--- librtmp/rtmp_sys.h
|+++ librtmp/rtmp_sys.h
--------------------------
File to patch: 
Skip this patch? [y] 
Skipping patch.
4 out of 4 hunks ignored
can't find file to patch at input line 2641
Perhaps you used the wrong -p or --strip option?
The text leading up to this was:
--------------------------
|diff --git rtmpdump.c rtmpdump.c
|index 13741a7..34e2ee3 100644
|--- rtmpdump.c
|+++ rtmpdump.c
--------------------------
File to patch: 
Skip this patch? [y] 
Skipping patch.
13 out of 13 hunks ignored
can't find file to patch at input line 2864
Perhaps you used the wrong -p or --strip option?
The text leading up to this was:
--------------------------
|diff --git rtmpgw.c rtmpgw.c
|index 3e47602..e56b855 100644
|--- rtmpgw.c
|+++ rtmpgw.c
--------------------------
File to patch: 
Skip this patch? [y] 
Skipping patch.
6 out of 6 hunks ignored
can't find file to patch at input line 2934
Perhaps you used the wrong -p or --strip option?
The text leading up to this was:
--------------------------
|diff --git rtmpsrv.c rtmpsrv.c
|index a9e9045..f71ec97 100644
|--- rtmpsrv.c
|+++ rtmpsrv.c
--------------------------
File to patch: 
Skip this patch? [y] 
Skipping patch.
23 out of 23 hunks ignored
can't find file to patch at input line 3417
Perhaps you used the wrong -p or --strip option?
The text leading up to this was:
--------------------------
|diff --git rtmpsuck.c rtmpsuck.c
|index e886179..1f0792b 100644
|--- rtmpsuck.c
|+++ rtmpsuck.c
--------------------------
File to patch: 
Skip this patch? [y] 
Skipping patch.
13 out of 13 hunks ignored
can't find file to patch at input line 3801
Perhaps you used the wrong -p or --strip option?
The text leading up to this was:
--------------------------
|diff --git thread.c thread.c
|index 0913c98..13d624a 100644
|--- thread.c
|+++ thread.c
--------------------------
File to patch: 
Skip this patch? [y] 
Skipping patch.
1 out of 1 hunk ignored
